<?xml version="1.0" encoding="UTF-8"?>
<testng-results ignored="0" total="2" passed="2" failed="0" skipped="0">
  <reporter-output>
  </reporter-output>
  <suite started-at="2024-10-27T00:51:25 IST" name="Suite" finished-at="2024-10-27T00:51:25 IST" duration-ms="44">
    <groups>
    </groups>
    <test started-at="2024-10-27T00:51:25 IST" name="Test" finished-at="2024-10-27T00:51:25 IST" duration-ms="44">
      <class name="demotest.launchTest">
        <test-method signature="sampleTest()[pri:0, instance:demotest.launchTest@6af93788]" started-at="2024-10-27T00:51:25 IST" name="sampleTest" finished-at="2024-10-27T00:51:25 IST" duration-ms="5" status="PASS">
          <reporter-output>
          </reporter-output>
        </test-method> <!-- sampleTest -->
        <test-method signature="sampleTest1()[pri:0, instance:demotest.launchTest@6af93788]" started-at="2024-10-27T00:51:25 IST" name="sampleTest1" finished-at="2024-10-27T00:51:25 IST" duration-ms="0" status="PASS">
          <reporter-output>
          </reporter-output>
        </test-method> <!-- sampleTest1 -->
      </class> <!-- demotest.launchTest -->
    </test> <!-- Test -->
  </suite> <!-- Suite -->
</testng-results>
