<?xml version="1.0" encoding="UTF-8"?>
<testng-results ignored="0" total="1" passed="1" failed="0" skipped="0">
  <reporter-output>
  </reporter-output>
  <suite started-at="2024-10-27T01:00:47 IST" name="Default suite" finished-at="2024-10-27T01:00:48 IST" duration-ms="1811">
    <groups>
    </groups>
    <test started-at="2024-10-27T01:00:47 IST" name="Default test" finished-at="2024-10-27T01:00:48 IST" duration-ms="1811">
      <class name="demotest.launchTest">
        <test-method signature="sampleTest1()[pri:0, instance:demotest.launchTest@223191a6]" started-at="2024-10-27T01:00:47 IST" name="sampleTest1" finished-at="2024-10-27T01:00:48 IST" duration-ms="1770" status="PASS">
          <reporter-output>
          </reporter-output>
        </test-method> <!-- sampleTest1 -->
      </class> <!-- demotest.launchTest -->
    </test> <!-- Default test -->
  </suite> <!-- Default suite -->
</testng-results>
